<?xml version="1.0" encoding="UTF-8"?>
<!-- Generated by org.testng.reporters.JUnitXMLReporter -->
<testsuite ignored="0" hostname="DESKTOP-CMTFMUK" failures="0" tests="4" name="Default test" time="0.054" errors="0" timestamp="2022-04-07T22:34:06 IST">
  <testcase classname="com.automation.CalculaterTest" name="addtion" time="0.01"/>
  <testcase classname="com.automation.CalculaterTest" name="division" time="0.001"/>
  <testcase classname="com.automation.CalculaterTest" name="multilication" time="0.001"/>
  <testcase classname="com.automation.CalculaterTest" name="subtraction" time="0.001"/>
</testsuite> <!-- Default test -->
